13:40:45.422 [restartedMain] INFO  c.s.GPApplication - [logStarting,50] - Starting GPApplication on ICOS-20191217XB with PID 26876 (started by Administrator in D:\定做区\2019-2021年定做\洋子2021年新建文件夹\任务管理\gp\gp-admin)
13:40:45.429 [restartedMain] INFO  c.s.GPApplication - [logStartupProfileInfo,679] - The following profiles are active: druid
13:40:49.613 [restartedMain] INFO  o.a.s.c.e.EhCacheManager - [getCache,158] - Cache with name 'com.study.framework.shiro.realm.UserRealm.authorizationCache' does not yet exist.  Creating now.
13:40:49.614 [restartedMain] INFO  o.a.s.c.e.EhCacheManager - [getCache,165] - Added EhCache named [com.study.framework.shiro.realm.UserRealm.authorizationCache]
13:40:52.320 [restartedMain] INFO  o.a.s.c.e.EhCacheManager - [getCache,169] - Using existing EHCache named [loginRecordCache]
13:40:52.916 [restartedMain] INFO  o.a.s.c.e.EhCacheManager - [getCache,169] - Using existing EHCache named [sys-userCache]
13:40:52.917 [restartedMain] INFO  o.a.s.c.e.EhCacheManager - [getCache,169] - Using existing EHCache named [sys-userCache]
13:40:53.822 [restartedMain] INFO  o.a.c.h.Http11NioProtocol - [log,173] - Initializing ProtocolHandler ["http-nio-8888"]
13:40:53.843 [restartedMain] INFO  o.a.c.c.StandardService - [log,173] - Starting service [Tomcat]
13:40:53.844 [restartedMain] INFO  o.a.c.c.StandardEngine - [log,173] - Starting Servlet Engine: Apache Tomcat/9.0.13
13:40:53.863 [restartedMain] INFO  o.a.c.c.AprLifecycleListener - [log,173] - The APR based Apache Tomcat Native library which allows optimal performance in production environments was not found on the java.library.path: [C:\EclipseIDE\eclipse\jre\bin;C:\windows\Sun\Java\bin;C:\windows\system32;C:\windows;C:/EclipseIDE/eclipse/jre/bin/server;C:/EclipseIDE/eclipse/jre/bin;C:/EclipseIDE/eclipse/jre/lib/amd64;C:\WebStormEnv\nodejs\;C:\Python\Python37;C:\Python\Python37\Scripts;D:\Program Files\NodeJs;C:\Program Files (x86)\Borland\Delphi7\Bin;C:\Program Files (x86)\Borland\Delphi7\Projects\Bpl\;C:\windows\system32;C:\windows;C:\windows\System32\Wbem;C:\windows\System32\WindowsPowerShell\v1.0\;C:\Program Files (x86)\Microsoft SQL Server\90\Tools\binn\;C:\Program Files (x86)\Microsoft SQL Server\100\Tools\Binn\VSShell\Common7\IDE\;C:\Program Files (x86)\Microsoft SQL Server\100\Tools\Binn\;C:\Program Files\Microsoft SQL Server\100\Tools\Binn\;C:\Program Files (x86)\Microsoft SQL Server\100\DTS\Binn\;C:\Program Files\Intel\WiFi\bin\;C:\Program Files\Common Files\Intel\WirelessCommon\;C:\Users\Administrator\AppData\Local\Microsoft\WindowsApps;C:\Program Files\Intel\WiFi\bin\;C:\Program Files\Common Files\Intel\WirelessCommon\;C:\Users\Administrator\AppData\Roaming\npm;D:\AppServ\Apache2.2\bin;D:\AppServ\php5;C:\EclipseIDE\eclipse;;.]
13:40:54.136 [restartedMain] INFO  o.a.c.c.C.[.[.[/gp] - [log,173] - Initializing Spring embedded WebApplicationContext
13:40:57.963 [restartedMain] INFO  o.a.c.h.Http11NioProtocol - [log,173] - Starting ProtocolHandler ["http-nio-8888"]
13:40:57.979 [restartedMain] INFO  o.a.t.u.n.NioSelectorPool - [log,173] - Using a shared selector for servlet write/read
13:40:58.017 [restartedMain] INFO  c.s.GPApplication - [logStarted,59] - Started GPApplication in 13.201 seconds (JVM running for 14.117)
13:42:00.702 [http-nio-8888-exec-2] INFO  o.a.c.c.C.[.[.[/gp] - [log,173] - Initializing Spring DispatcherServlet 'dispatcherServlet'
13:42:00.778 [http-nio-8888-exec-2] INFO  o.a.s.s.m.AbstractValidatingSessionManager - [enableSessionValidation,233] - Enabling session validation scheduler...
13:42:00.826 [http-nio-8888-exec-2] INFO  o.a.s.c.e.EhCacheManager - [getCache,158] - Cache with name 'shiro-activeSessionCache' does not yet exist.  Creating now.
13:42:00.827 [http-nio-8888-exec-2] INFO  o.a.s.c.e.EhCacheManager - [getCache,165] - Added EhCache named [shiro-activeSessionCache]
13:42:01.524 [http-nio-8888-exec-5] INFO  i.l.c.EpollProvider - [<clinit>,68] - Starting without optional epoll library
13:42:01.526 [http-nio-8888-exec-5] INFO  i.l.c.KqueueProvider - [<clinit>,70] - Starting without optional kqueue library
13:42:01.779 [schedule-pool-1] INFO  c.s.f.s.w.OnlineWebSessionManager - [validateSessions,75] - invalidation sessions...
13:42:04.268 [schedule-pool-1] INFO  c.a.d.p.DruidDataSource - [init,991] - {dataSource-1} inited
13:43:54.849 [restartedMain] INFO  c.s.GPApplication - [logStarting,50] - Starting GPApplication on ICOS-20191217XB with PID 36856 (started by Administrator in D:\定做区\2019-2021年定做\洋子2021年新建文件夹\任务管理\gp\gp-admin)
13:43:54.855 [restartedMain] INFO  c.s.GPApplication - [logStartupProfileInfo,679] - The following profiles are active: druid
13:43:58.623 [restartedMain] INFO  o.a.s.c.e.EhCacheManager - [getCache,158] - Cache with name 'com.study.framework.shiro.realm.UserRealm.authorizationCache' does not yet exist.  Creating now.
13:43:58.624 [restartedMain] INFO  o.a.s.c.e.EhCacheManager - [getCache,165] - Added EhCache named [com.study.framework.shiro.realm.UserRealm.authorizationCache]
13:44:01.175 [restartedMain] INFO  o.a.s.c.e.EhCacheManager - [getCache,169] - Using existing EHCache named [loginRecordCache]
13:44:01.733 [restartedMain] INFO  o.a.s.c.e.EhCacheManager - [getCache,169] - Using existing EHCache named [sys-userCache]
13:44:01.734 [restartedMain] INFO  o.a.s.c.e.EhCacheManager - [getCache,169] - Using existing EHCache named [sys-userCache]
13:44:02.466 [restartedMain] INFO  o.a.c.h.Http11NioProtocol - [log,173] - Initializing ProtocolHandler ["http-nio-8888"]
13:44:02.484 [restartedMain] INFO  o.a.c.c.StandardService - [log,173] - Starting service [Tomcat]
13:44:02.484 [restartedMain] INFO  o.a.c.c.StandardEngine - [log,173] - Starting Servlet Engine: Apache Tomcat/9.0.13
13:44:02.499 [restartedMain] INFO  o.a.c.c.AprLifecycleListener - [log,173] - The APR based Apache Tomcat Native library which allows optimal performance in production environments was not found on the java.library.path: [C:\EclipseIDE\eclipse\jre\bin;C:\windows\Sun\Java\bin;C:\windows\system32;C:\windows;C:/EclipseIDE/eclipse/jre/bin/server;C:/EclipseIDE/eclipse/jre/bin;C:/EclipseIDE/eclipse/jre/lib/amd64;C:\WebStormEnv\nodejs\;C:\Python\Python37;C:\Python\Python37\Scripts;D:\Program Files\NodeJs;C:\Program Files (x86)\Borland\Delphi7\Bin;C:\Program Files (x86)\Borland\Delphi7\Projects\Bpl\;C:\windows\system32;C:\windows;C:\windows\System32\Wbem;C:\windows\System32\WindowsPowerShell\v1.0\;C:\Program Files (x86)\Microsoft SQL Server\90\Tools\binn\;C:\Program Files (x86)\Microsoft SQL Server\100\Tools\Binn\VSShell\Common7\IDE\;C:\Program Files (x86)\Microsoft SQL Server\100\Tools\Binn\;C:\Program Files\Microsoft SQL Server\100\Tools\Binn\;C:\Program Files (x86)\Microsoft SQL Server\100\DTS\Binn\;C:\Program Files\Intel\WiFi\bin\;C:\Program Files\Common Files\Intel\WirelessCommon\;C:\Users\Administrator\AppData\Local\Microsoft\WindowsApps;C:\Program Files\Intel\WiFi\bin\;C:\Program Files\Common Files\Intel\WirelessCommon\;C:\Users\Administrator\AppData\Roaming\npm;D:\AppServ\Apache2.2\bin;D:\AppServ\php5;C:\EclipseIDE\eclipse;;.]
13:44:02.733 [restartedMain] INFO  o.a.c.c.C.[.[.[/gp] - [log,173] - Initializing Spring embedded WebApplicationContext
13:44:06.052 [restartedMain] INFO  o.a.c.h.Http11NioProtocol - [log,173] - Starting ProtocolHandler ["http-nio-8888"]
13:44:06.072 [restartedMain] INFO  o.a.t.u.n.NioSelectorPool - [log,173] - Using a shared selector for servlet write/read
13:44:06.110 [restartedMain] INFO  c.s.GPApplication - [logStarted,59] - Started GPApplication in 11.832 seconds (JVM running for 12.763)
13:45:21.507 [http-nio-8888-exec-1] INFO  o.a.c.c.C.[.[.[/gp] - [log,173] - Initializing Spring DispatcherServlet 'dispatcherServlet'
13:45:21.564 [http-nio-8888-exec-1] INFO  o.a.s.s.m.AbstractValidatingSessionManager - [enableSessionValidation,233] - Enabling session validation scheduler...
13:45:21.568 [http-nio-8888-exec-1] INFO  o.a.s.c.e.EhCacheManager - [getCache,158] - Cache with name 'shiro-activeSessionCache' does not yet exist.  Creating now.
13:45:21.569 [http-nio-8888-exec-1] INFO  o.a.s.c.e.EhCacheManager - [getCache,165] - Added EhCache named [shiro-activeSessionCache]
13:45:22.566 [schedule-pool-1] INFO  c.s.f.s.w.OnlineWebSessionManager - [validateSessions,75] - invalidation sessions...
13:45:24.120 [http-nio-8888-exec-1] INFO  c.a.d.p.DruidDataSource - [init,991] - {dataSource-1} inited
13:46:58.490 [restartedMain] INFO  c.s.GPApplication - [logStarting,50] - Starting GPApplication on ICOS-20191217XB with PID 30108 (started by Administrator in D:\定做区\2019-2021年定做\洋子2021年新建文件夹\任务管理\gp\gp-admin)
13:46:58.498 [restartedMain] INFO  c.s.GPApplication - [logStartupProfileInfo,679] - The following profiles are active: druid
13:47:02.461 [restartedMain] INFO  o.a.s.c.e.EhCacheManager - [getCache,158] - Cache with name 'com.study.framework.shiro.realm.UserRealm.authorizationCache' does not yet exist.  Creating now.
13:47:02.462 [restartedMain] INFO  o.a.s.c.e.EhCacheManager - [getCache,165] - Added EhCache named [com.study.framework.shiro.realm.UserRealm.authorizationCache]
13:47:05.220 [restartedMain] INFO  o.a.s.c.e.EhCacheManager - [getCache,169] - Using existing EHCache named [loginRecordCache]
13:47:05.803 [restartedMain] INFO  o.a.s.c.e.EhCacheManager - [getCache,169] - Using existing EHCache named [sys-userCache]
13:47:05.803 [restartedMain] INFO  o.a.s.c.e.EhCacheManager - [getCache,169] - Using existing EHCache named [sys-userCache]
13:47:06.677 [restartedMain] INFO  o.a.c.h.Http11NioProtocol - [log,173] - Initializing ProtocolHandler ["http-nio-8888"]
13:47:06.696 [restartedMain] INFO  o.a.c.c.StandardService - [log,173] - Starting service [Tomcat]
13:47:06.697 [restartedMain] INFO  o.a.c.c.StandardEngine - [log,173] - Starting Servlet Engine: Apache Tomcat/9.0.13
13:47:06.717 [restartedMain] INFO  o.a.c.c.AprLifecycleListener - [log,173] - The APR based Apache Tomcat Native library which allows optimal performance in production environments was not found on the java.library.path: [C:\EclipseIDE\eclipse\jre\bin;C:\windows\Sun\Java\bin;C:\windows\system32;C:\windows;C:/EclipseIDE/eclipse/jre/bin/server;C:/EclipseIDE/eclipse/jre/bin;C:/EclipseIDE/eclipse/jre/lib/amd64;C:\WebStormEnv\nodejs\;C:\Python\Python37;C:\Python\Python37\Scripts;D:\Program Files\NodeJs;C:\Program Files (x86)\Borland\Delphi7\Bin;C:\Program Files (x86)\Borland\Delphi7\Projects\Bpl\;C:\windows\system32;C:\windows;C:\windows\System32\Wbem;C:\windows\System32\WindowsPowerShell\v1.0\;C:\Program Files (x86)\Microsoft SQL Server\90\Tools\binn\;C:\Program Files (x86)\Microsoft SQL Server\100\Tools\Binn\VSShell\Common7\IDE\;C:\Program Files (x86)\Microsoft SQL Server\100\Tools\Binn\;C:\Program Files\Microsoft SQL Server\100\Tools\Binn\;C:\Program Files (x86)\Microsoft SQL Server\100\DTS\Binn\;C:\Program Files\Intel\WiFi\bin\;C:\Program Files\Common Files\Intel\WirelessCommon\;C:\Users\Administrator\AppData\Local\Microsoft\WindowsApps;C:\Program Files\Intel\WiFi\bin\;C:\Program Files\Common Files\Intel\WirelessCommon\;C:\Users\Administrator\AppData\Roaming\npm;D:\AppServ\Apache2.2\bin;D:\AppServ\php5;C:\EclipseIDE\eclipse;;.]
13:47:06.999 [restartedMain] INFO  o.a.c.c.C.[.[.[/gp] - [log,173] - Initializing Spring embedded WebApplicationContext
13:47:10.592 [restartedMain] INFO  o.a.c.h.Http11NioProtocol - [log,173] - Starting ProtocolHandler ["http-nio-8888"]
13:47:10.616 [restartedMain] INFO  o.a.t.u.n.NioSelectorPool - [log,173] - Using a shared selector for servlet write/read
13:47:10.662 [restartedMain] INFO  c.s.GPApplication - [logStarted,59] - Started GPApplication in 12.751 seconds (JVM running for 13.66)
13:47:16.002 [http-nio-8888-exec-1] INFO  o.a.c.c.C.[.[.[/gp] - [log,173] - Initializing Spring DispatcherServlet 'dispatcherServlet'
13:47:16.064 [http-nio-8888-exec-1] INFO  o.a.s.s.m.AbstractValidatingSessionManager - [enableSessionValidation,233] - Enabling session validation scheduler...
13:47:16.068 [http-nio-8888-exec-1] INFO  o.a.s.c.e.EhCacheManager - [getCache,158] - Cache with name 'shiro-activeSessionCache' does not yet exist.  Creating now.
13:47:16.069 [http-nio-8888-exec-1] INFO  o.a.s.c.e.EhCacheManager - [getCache,165] - Added EhCache named [shiro-activeSessionCache]
13:47:17.066 [schedule-pool-1] INFO  c.s.f.s.w.OnlineWebSessionManager - [validateSessions,75] - invalidation sessions...
13:47:18.606 [http-nio-8888-exec-1] INFO  c.a.d.p.DruidDataSource - [init,991] - {dataSource-1} inited
13:49:08.639 [restartedMain] INFO  c.s.GPApplication - [logStarting,50] - Starting GPApplication on ICOS-20191217XB with PID 26188 (started by Administrator in D:\定做区\2019-2021年定做\洋子2021年新建文件夹\任务管理\gp\gp-admin)
13:49:08.647 [restartedMain] INFO  c.s.GPApplication - [logStartupProfileInfo,679] - The following profiles are active: druid
13:49:13.664 [restartedMain] INFO  c.s.GPApplication - [logStarting,50] - Starting GPApplication on ICOS-20191217XB with PID 12436 (started by Administrator in D:\定做区\2019-2021年定做\洋子2021年新建文件夹\任务管理\gp\gp-admin)
13:49:13.670 [restartedMain] INFO  c.s.GPApplication - [logStartupProfileInfo,679] - The following profiles are active: druid
13:49:17.348 [restartedMain] INFO  o.a.s.c.e.EhCacheManager - [getCache,158] - Cache with name 'com.study.framework.shiro.realm.UserRealm.authorizationCache' does not yet exist.  Creating now.
13:49:17.348 [restartedMain] INFO  o.a.s.c.e.EhCacheManager - [getCache,165] - Added EhCache named [com.study.framework.shiro.realm.UserRealm.authorizationCache]
13:49:19.693 [restartedMain] INFO  o.a.s.c.e.EhCacheManager - [getCache,169] - Using existing EHCache named [loginRecordCache]
13:49:20.229 [restartedMain] INFO  o.a.s.c.e.EhCacheManager - [getCache,169] - Using existing EHCache named [sys-userCache]
13:49:20.230 [restartedMain] INFO  o.a.s.c.e.EhCacheManager - [getCache,169] - Using existing EHCache named [sys-userCache]
13:49:20.979 [restartedMain] INFO  o.a.c.h.Http11NioProtocol - [log,173] - Initializing ProtocolHandler ["http-nio-8888"]
13:49:20.997 [restartedMain] INFO  o.a.c.c.StandardService - [log,173] - Starting service [Tomcat]
13:49:20.998 [restartedMain] INFO  o.a.c.c.StandardEngine - [log,173] - Starting Servlet Engine: Apache Tomcat/9.0.13
13:49:21.014 [restartedMain] INFO  o.a.c.c.AprLifecycleListener - [log,173] - The APR based Apache Tomcat Native library which allows optimal performance in production environments was not found on the java.library.path: [C:\EclipseIDE\eclipse\jre\bin;C:\windows\Sun\Java\bin;C:\windows\system32;C:\windows;C:/EclipseIDE/eclipse/jre/bin/server;C:/EclipseIDE/eclipse/jre/bin;C:/EclipseIDE/eclipse/jre/lib/amd64;C:\WebStormEnv\nodejs\;C:\Python\Python37;C:\Python\Python37\Scripts;D:\Program Files\NodeJs;C:\Program Files (x86)\Borland\Delphi7\Bin;C:\Program Files (x86)\Borland\Delphi7\Projects\Bpl\;C:\windows\system32;C:\windows;C:\windows\System32\Wbem;C:\windows\System32\WindowsPowerShell\v1.0\;C:\Program Files (x86)\Microsoft SQL Server\90\Tools\binn\;C:\Program Files (x86)\Microsoft SQL Server\100\Tools\Binn\VSShell\Common7\IDE\;C:\Program Files (x86)\Microsoft SQL Server\100\Tools\Binn\;C:\Program Files\Microsoft SQL Server\100\Tools\Binn\;C:\Program Files (x86)\Microsoft SQL Server\100\DTS\Binn\;C:\Program Files\Intel\WiFi\bin\;C:\Program Files\Common Files\Intel\WirelessCommon\;C:\Users\Administrator\AppData\Local\Microsoft\WindowsApps;C:\Program Files\Intel\WiFi\bin\;C:\Program Files\Common Files\Intel\WirelessCommon\;C:\Users\Administrator\AppData\Roaming\npm;D:\AppServ\Apache2.2\bin;D:\AppServ\php5;C:\EclipseIDE\eclipse;;.]
13:49:21.246 [restartedMain] INFO  o.a.c.c.C.[.[.[/gp] - [log,173] - Initializing Spring embedded WebApplicationContext
13:49:24.716 [restartedMain] INFO  o.a.c.h.Http11NioProtocol - [log,173] - Starting ProtocolHandler ["http-nio-8888"]
13:49:24.735 [restartedMain] INFO  o.a.t.u.n.NioSelectorPool - [log,173] - Using a shared selector for servlet write/read
13:49:24.797 [restartedMain] INFO  c.s.GPApplication - [logStarted,59] - Started GPApplication in 11.687 seconds (JVM running for 12.539)
13:49:41.554 [http-nio-8888-exec-4] INFO  o.a.c.c.C.[.[.[/gp] - [log,173] - Initializing Spring DispatcherServlet 'dispatcherServlet'
13:49:41.613 [http-nio-8888-exec-4] INFO  o.a.s.s.m.AbstractValidatingSessionManager - [enableSessionValidation,233] - Enabling session validation scheduler...
13:49:41.618 [http-nio-8888-exec-4] INFO  o.a.s.c.e.EhCacheManager - [getCache,158] - Cache with name 'shiro-activeSessionCache' does not yet exist.  Creating now.
13:49:41.623 [http-nio-8888-exec-4] INFO  o.a.s.c.e.EhCacheManager - [getCache,165] - Added EhCache named [shiro-activeSessionCache]
13:49:42.010 [http-nio-8888-exec-4] INFO  c.a.d.p.DruidDataSource - [init,991] - {dataSource-1} inited
13:49:42.620 [schedule-pool-1] INFO  c.s.f.s.w.OnlineWebSessionManager - [validateSessions,75] - invalidation sessions...
13:49:42.763 [schedule-pool-1] INFO  c.s.f.s.w.OnlineWebSessionManager - [validateSessions,120] - Finished invalidation session. [14] sessions were stopped.
13:49:42.902 [http-nio-8888-exec-7] INFO  i.l.c.EpollProvider - [<clinit>,68] - Starting without optional epoll library
13:49:42.905 [http-nio-8888-exec-7] INFO  i.l.c.KqueueProvider - [<clinit>,70] - Starting without optional kqueue library
13:49:56.340 [schedule-pool-2] INFO  sys-user - [run,143] - [127.0.0.1]内网IP[admin][Error][密码输入错误1次]
13:50:00.693 [schedule-pool-1] INFO  sys-user - [run,143] - [127.0.0.1]内网IP[admin][Success][登录成功]
14:19:42.616 [schedule-pool-4] INFO  c.s.f.s.w.OnlineWebSessionManager - [validateSessions,75] - invalidation sessions...
14:19:42.626 [schedule-pool-4] INFO  c.s.f.s.w.OnlineWebSessionManager - [validateSessions,120] - Finished invalidation session. No sessions were stopped.
14:35:55.058 [schedule-pool-8] INFO  sys-user - [run,143] - [127.0.0.1]内网IP[admin][Logout][退出成功]
14:35:59.232 [schedule-pool-9] INFO  sys-user - [run,143] - [127.0.0.1]内网IP[ys1][Success][登录成功]
14:49:42.616 [schedule-pool-10] INFO  c.s.f.s.w.OnlineWebSessionManager - [validateSessions,75] - invalidation sessions...
14:49:42.624 [schedule-pool-10] INFO  c.s.f.s.w.OnlineWebSessionManager - [validateSessions,120] - Finished invalidation session. No sessions were stopped.
15:19:42.616 [schedule-pool-3] INFO  c.s.f.s.w.OnlineWebSessionManager - [validateSessions,75] - invalidation sessions...
15:19:42.626 [schedule-pool-3] INFO  c.s.f.s.w.OnlineWebSessionManager - [validateSessions,120] - Finished invalidation session. No sessions were stopped.
15:49:42.616 [schedule-pool-4] INFO  c.s.f.s.w.OnlineWebSessionManager - [validateSessions,75] - invalidation sessions...
15:49:42.626 [schedule-pool-4] INFO  c.s.f.s.w.OnlineWebSessionManager - [validateSessions,120] - Finished invalidation session. No sessions were stopped.
16:19:42.616 [schedule-pool-4] INFO  c.s.f.s.w.OnlineWebSessionManager - [validateSessions,75] - invalidation sessions...
16:19:42.624 [schedule-pool-4] INFO  c.s.f.s.w.OnlineWebSessionManager - [validateSessions,120] - Finished invalidation session. No sessions were stopped.
16:43:50.826 [schedule-pool-9] INFO  sys-user - [run,143] - [127.0.0.1]内网IP[admin][Success][登录成功]
16:49:42.617 [schedule-pool-5] INFO  c.s.f.s.w.OnlineWebSessionManager - [validateSessions,75] - invalidation sessions...
16:49:42.623 [schedule-pool-5] INFO  c.s.f.s.w.OnlineWebSessionManager - [validateSessions,120] - Finished invalidation session. No sessions were stopped.
17:19:42.616 [schedule-pool-16] INFO  c.s.f.s.w.OnlineWebSessionManager - [validateSessions,75] - invalidation sessions...
17:19:42.620 [schedule-pool-16] INFO  c.s.f.s.w.OnlineWebSessionManager - [validateSessions,120] - Finished invalidation session. No sessions were stopped.
